<?xml version="1.0" encoding="UTF-8"?>
<!-- Generated by org.testng.reporters.JUnitReportReporter -->
<testsuite skipped="0" hostname="nblap247" name="com.unimoni.restassured.LoggingResponseValues7" tests="4" failures="0" timestamp="04 Jan 2020 14:18:04 GMT" time="0.904" errors="0">
  <testcase name="test001" time="0.789" classname="com.unimoni.restassured.LoggingResponseValues7"/>
  <testcase name="test002" time="0.017" classname="com.unimoni.restassured.LoggingResponseValues7"/>
  <testcase name="test003" time="0.081" classname="com.unimoni.restassured.LoggingResponseValues7"/>
  <testcase name="test004" time="0.017" classname="com.unimoni.restassured.LoggingResponseValues7"/>
</testsuite> <!-- com.unimoni.restassured.LoggingResponseValues7 -->
