<?xml version="1.0" encoding="UTF-8"?>
<!-- Generated by org.testng.reporters.JUnitReportReporter -->
<testsuite skipped="0" hostname="nblap247" name="com.unimoni.restassured.BasicAuth10" tests="1" failures="0" timestamp="04 Jan 2020 14:48:42 GMT" time="0.865" errors="0">
  <testcase name="test002" time="0.865" classname="com.unimoni.restassured.BasicAuth10"/>
</testsuite> <!-- com.unimoni.restassured.BasicAuth10 -->
