<?xml version="1.0" encoding="UTF-8"?>
<!-- Generated by org.testng.reporters.JUnitReportReporter -->
<testsuite skipped="0" hostname="nblap247" name="com.unimoni.restassured.StudentPatchTest4" tests="1" failures="0" timestamp="04 Jan 2020 14:19:42 GMT" time="1.093" errors="0">
  <testcase name="updateStudent" time="1.093" classname="com.unimoni.restassured.StudentPatchTest4"/>
</testsuite> <!-- com.unimoni.restassured.StudentPatchTest4 -->
