<?xml version="1.0" encoding="UTF-8"?>
<!-- Generated by org.testng.reporters.JUnitReportReporter -->
<testsuite skipped="0" hostname="nblap247" name="com.unimoni.restassured.ResponseAssertions" tests="1" failures="0" timestamp="04 Jan 2020 14:34:54 GMT" time="1.255" errors="0">
  <testcase name="test003" time="1.255" classname="com.unimoni.restassured.ResponseAssertions"/>
</testsuite> <!-- com.unimoni.restassured.ResponseAssertions -->
