<?xml version="1.0" encoding="UTF-8"?>
<!-- Generated by org.testng.reporters.JUnitReportReporter -->
<testsuite skipped="0" hostname="nblap247" name="com.unimoni.restassured.StudentPostTest2" tests="1" failures="0" timestamp="04 Jan 2020 14:20:48 GMT" time="1.227" errors="0">
  <testcase name="createNewStudent" time="1.227" classname="com.unimoni.restassured.StudentPostTest2"/>
</testsuite> <!-- com.unimoni.restassured.StudentPostTest2 -->
