<?xml version="1.0" encoding="UTF-8"?>
<!-- Generated by org.testng.reporters.JUnitReportReporter -->
<testsuite skipped="0" hostname="nblap247" name="com.unimoni.restassured.StudentGetTest1" tests="6" failures="0" timestamp="04 Jan 2020 14:19:30 GMT" time="1.054" errors="0">
  <testcase name="getStudentInfo2" time="0.061" classname="com.unimoni.restassured.StudentGetTest1"/>
  <testcase name="getAllStudentInformation" time="0.889" classname="com.unimoni.restassured.StudentGetTest1"/>
  <testcase name="getStudentInfo1" time="0.019" classname="com.unimoni.restassured.StudentGetTest1"/>
  <testcase name="getStudentsFromFA_withParam" time="0.019" classname="com.unimoni.restassured.StudentGetTest1"/>
  <testcase name="validateStatusCode" time="0.025" classname="com.unimoni.restassured.StudentGetTest1"/>
  <testcase name="getStudentsFromFA" time="0.041" classname="com.unimoni.restassured.StudentGetTest1"/>
</testsuite> <!-- com.unimoni.restassured.StudentGetTest1 -->
