<?xml version="1.0" encoding="UTF-8"?>
<!-- Generated by org.testng.reporters.JUnitReportReporter -->
<testsuite skipped="0" hostname="nblap247" name="com.unimoni.restassured.SearchJsonPathExample8" tests="6" failures="0" timestamp="04 Jan 2020 14:18:31 GMT" time="1.742" errors="0">
  <testcase name="test002" time="0.049" classname="com.unimoni.restassured.SearchJsonPathExample8"/>
  <testcase name="test006" time="0.106" classname="com.unimoni.restassured.SearchJsonPathExample8"/>
  <testcase name="test001" time="1.267" classname="com.unimoni.restassured.SearchJsonPathExample8"/>
  <testcase name="test003" time="0.267" classname="com.unimoni.restassured.SearchJsonPathExample8"/>
  <testcase name="test005" time="0.022" classname="com.unimoni.restassured.SearchJsonPathExample8"/>
  <testcase name="test004" time="0.031" classname="com.unimoni.restassured.SearchJsonPathExample8"/>
</testsuite> <!-- com.unimoni.restassured.SearchJsonPathExample8 -->
