<?xml version="1.0" encoding="UTF-8"?>
<!-- Generated by org.testng.reporters.JUnitReportReporter -->
<testsuite skipped="0" hostname="nblap247" name="com.unimoni.restassured.StudentDeleteTest5" tests="1" failures="0" timestamp="04 Jan 2020 13:06:20 GMT" time="0.716" errors="0">
  <testcase name="deleteStudent" time="0.716" classname="com.unimoni.restassured.StudentDeleteTest5"/>
</testsuite> <!-- com.unimoni.restassured.StudentDeleteTest5 -->
