<?xml version="1.0" encoding="UTF-8"?>
<!-- Generated by org.testng.reporters.JUnitReportReporter -->
<testsuite skipped="0" hostname="nblap247" name="com.unimoni.restassured.LoggingRequestValues6" tests="5" failures="0" timestamp="04 Jan 2020 14:17:32 GMT" time="1.392" errors="0">
  <testcase name="test002" time="0.037" classname="com.unimoni.restassured.LoggingRequestValues6"/>
  <testcase name="test001" time="0.824" classname="com.unimoni.restassured.LoggingRequestValues6"/>
  <testcase name="test004" time="0.037" classname="com.unimoni.restassured.LoggingRequestValues6"/>
  <testcase name="test003" time="0.457" classname="com.unimoni.restassured.LoggingRequestValues6"/>
  <testcase name="test005" time="0.037" classname="com.unimoni.restassured.LoggingRequestValues6"/>
</testsuite> <!-- com.unimoni.restassured.LoggingRequestValues6 -->
