<?xml version="1.0" encoding="UTF-8"?>
<!-- Generated by org.testng.reporters.JUnitReportReporter -->
<testsuite skipped="0" hostname="nblap247" name="com.unimoni.restassured.StudentsPut3" tests="1" failures="0" timestamp="04 Jan 2020 14:21:46 GMT" time="1.123" errors="0">
  <testcase name="updateStudent" time="1.123" classname="com.unimoni.restassured.StudentsPut3"/>
</testsuite> <!-- com.unimoni.restassured.StudentsPut3 -->
